<?xml version="1.0" encoding="UTF-8"?>
<!-- Generated by org.testng.reporters.JUnitReportReporter -->
<testsuite hostname="Akhilesh" failures="0" tests="1" name="googleSignUp.Capabalities" time="41.788" errors="0" timestamp="2023-07-10T18:00:41 IST" skipped="0">
  <testcase classname="googleSignUp.Capabalities" name="splachScreen" time="41.788"/>
  <system-out/>
</testsuite> <!-- googleSignUp.Capabalities -->
