<?xml version="1.0" encoding="UTF-8"?>
<!-- Generated by org.testng.reporters.JUnitReportReporter -->
<testsuite hostname="Akhilesh" failures="0" tests="1" name="homeScreen.NoResetCapabalities" time="42.954" errors="0" timestamp="2023-07-14T16:27:59 IST" skipped="0">
  <testcase classname="homeScreen.NoResetCapabalities" name="splachScreen" time="42.954"/>
  <system-out/>
</testsuite> <!-- homeScreen.NoResetCapabalities -->
