<?xml version="1.0" encoding="UTF-8"?>
<!-- Generated by org.testng.reporters.JUnitReportReporter -->
<testsuite hostname="Akhilesh" failures="0" tests="1" name="forgotPin.Capabalities" time="38.906" errors="0" timestamp="2023-07-11T13:39:17 IST" skipped="0">
  <testcase classname="forgotPin.Capabalities" name="splachScreen" time="38.906"/>
  <system-out/>
</testsuite> <!-- forgotPin.Capabalities -->
