<?xml version="1.0" encoding="UTF-8"?>
<!-- Generated by org.testng.reporters.JUnitReportReporter -->
<testsuite hostname="Akhilesh" failures="0" tests="2" name="login_Feed.StoryScreen" time="25.897" errors="0" timestamp="2023-08-31T12:47:03 IST" skipped="0">
  <testcase classname="login_Feed.StoryScreen" name="splachScreen" time="24.049"/>
  <system-out/>
  <testcase classname="login_Feed.StoryScreen" name="clickExistingUserLogin" time="1.848"/>
  <system-out/>
</testsuite> <!-- login_Feed.StoryScreen -->
