<?xml version="1.0" encoding="UTF-8"?>
<!-- Generated by org.testng.reporters.JUnitReportReporter -->
<testsuite hostname="Akhilesh" failures="0" tests="9" name="userSettingScreen.AddanotherChild" time="64.658" errors="0" timestamp="2023-09-04T16:06:15 IST" skipped="0">
  <testcase classname="userSettingScreen.AddanotherChild" name="clickOnAddanotherChild" time="3.785"/>
  <system-out/>
  <testcase classname="userSettingScreen.AddanotherChild" name="clickonBabyHere" time="5.385"/>
  <system-out/>
  <testcase classname="userSettingScreen.AddanotherChild" name="clickonGender" time="4.110"/>
  <system-out/>
  <testcase classname="userSettingScreen.AddanotherChild" name="childName" time="10.333"/>
  <system-out/>
  <testcase classname="userSettingScreen.AddanotherChild" name="clickonHint" time="9.573"/>
  <system-out/>
  <testcase classname="userSettingScreen.AddanotherChild" name="dateOfBirth" time="10.009"/>
  <system-out/>
  <testcase classname="userSettingScreen.AddanotherChild" name="prematureDOB" time="9.997"/>
  <system-out/>
  <testcase classname="userSettingScreen.AddanotherChild" name="clickOnRelation" time="3.998"/>
  <system-out/>
  <testcase classname="userSettingScreen.AddanotherChild" name="clickOnLogout" time="7.468"/>
  <system-out/>
</testsuite> <!-- userSettingScreen.AddanotherChild -->
