<?xml version="1.0" encoding="UTF-8"?>
<!-- Generated by org.testng.reporters.JUnitReportReporter -->
<testsuite hostname="Akhilesh" failures="0" tests="11" name="userSettingScreen.EditchildDetails" time="98.009" errors="0" timestamp="2023-09-04T15:52:19 IST" skipped="0">
  <testcase classname="userSettingScreen.EditchildDetails" name="clickOnDeatilsbutton" time="5.734"/>
  <system-out/>
  <testcase classname="userSettingScreen.EditchildDetails" name="clickOnExpectingbaby" time="14.539"/>
  <system-out/>
  <testcase classname="userSettingScreen.EditchildDetails" name="selectGender" time="3.136"/>
  <system-out/>
  <testcase classname="userSettingScreen.EditchildDetails" name="selectRelation" time="7.144"/>
  <system-out/>
  <testcase classname="userSettingScreen.EditchildDetails" name="editChildName" time="6.959"/>
  <system-out/>
  <testcase classname="userSettingScreen.EditchildDetails" name="clickOnHint" time="9.433"/>
  <system-out/>
  <testcase classname="userSettingScreen.EditchildDetails" name="clickOnCalender" time="16.625"/>
  <system-out/>
  <testcase classname="userSettingScreen.EditchildDetails" name="clickOnPrematureToggle" time="14.336"/>
  <system-out/>
  <testcase classname="userSettingScreen.EditchildDetails" name="clickOnWeight" time="6.735"/>
  <system-out/>
  <testcase classname="userSettingScreen.EditchildDetails" name="clickOnFeedingManner" time="3.135"/>
  <system-out/>
  <testcase classname="userSettingScreen.EditchildDetails" name="clickOnSaveChanges" time="10.233"/>
  <system-out/>
</testsuite> <!-- userSettingScreen.EditchildDetails -->
