<?xml version="1.0" encoding="UTF-8"?>
<!-- Generated by org.testng.reporters.JUnitReportReporter -->
<testsuite hostname="Akhilesh" failures="0" tests="1" name="userSettingScreen.ChildDetails" time="0.011" errors="0" timestamp="2023-09-04T15:38:00 IST" skipped="0">
  <testcase classname="userSettingScreen.ChildDetails" name="clickOnDetailsbutton" time="0.011"/>
  <system-out/>
</testsuite> <!-- userSettingScreen.ChildDetails -->
