<?xml version="1.0" encoding="UTF-8"?>
<!-- Generated by org.testng.reporters.JUnitReportReporter -->
<testsuite hostname="Akhilesh" failures="0" tests="4" name="homeScreen.HomeScreen" time="162.568" errors="0" timestamp="2023-07-17T19:34:40 IST" skipped="0">
  <testcase classname="homeScreen.HomeScreen" name="splachScreen" time="20.314"/>
  <system-out/>
  <testcase classname="homeScreen.HomeScreen" name="layoutEverythingButtonClick" time="43.589"/>
  <system-out/>
  <testcase classname="homeScreen.HomeScreen" name="layoutSpeciallyButtonClick" time="67.585"/>
  <system-out/>
  <testcase classname="homeScreen.HomeScreen" name="layoutParentsButtonClick" time="31.080"/>
  <system-out/>
</testsuite> <!-- homeScreen.HomeScreen -->
