<?xml version="1.0" encoding="UTF-8"?>
<!-- Generated by org.testng.reporters.JUnitReportReporter -->
<testsuite hostname="Akhilesh" failures="0" tests="5" name="happyFlow.HappyFlow" time="59.888" errors="0" timestamp="2023-08-31T14:11:23 IST" skipped="0">
  <testcase classname="happyFlow.HappyFlow" name="splachScreen" time="19.078"/>
  <system-out/>
  <testcase classname="happyFlow.HappyFlow" name="neverMissaMilestone" time="4.625"/>
  <system-out/>
  <testcase classname="happyFlow.HappyFlow" name="planScreen" time="10.169"/>
  <system-out/>
  <testcase classname="happyFlow.HappyFlow" name="notificationReminder" time="15.093"/>
  <system-out/>
  <testcase classname="happyFlow.HappyFlow" name="clickonDisclaimer" time="10.923"/>
  <system-out/>
</testsuite> <!-- happyFlow.HappyFlow -->
