<?xml version="1.0" encoding="UTF-8"?>
<!-- Generated by org.testng.reporters.JUnitReportReporter -->
<testsuite hostname="Akhilesh" failures="0" tests="1" name="userSettingScreen.Add_Diff_Child" time="37.982" errors="0" timestamp="2023-09-04T16:42:28 IST" skipped="0">
  <testcase classname="userSettingScreen.Add_Diff_Child" name="sixMonthBaby" time="37.982"/>
  <system-out/>
</testsuite> <!-- userSettingScreen.Add_Diff_Child -->
