<?xml version="1.0" encoding="UTF-8"?>
<!-- Generated by org.testng.reporters.JUnitReportReporter -->
<testsuite hostname="Akhilesh" failures="0" tests="1" name="homeScreen.NoResetCapabalities" time="25.523" errors="0" timestamp="2023-07-21T18:00:41 IST" skipped="0">
  <testcase classname="homeScreen.NoResetCapabalities" name="splachScreen" time="25.523"/>
  <system-out/>
</testsuite> <!-- homeScreen.NoResetCapabalities -->
