<?xml version="1.0" encoding="UTF-8"?>
<!-- Generated by org.testng.reporters.JUnitReportReporter -->
<testsuite hostname="Akhilesh" failures="0" tests="6" name="userSettingScreen.UserProfile" time="118.270" errors="0" timestamp="2023-07-27T13:36:08 IST" skipped="0">
  <testcase classname="userSettingScreen.UserProfile" name="splachScreen" time="20.029"/>
  <system-out/>
  <testcase classname="userSettingScreen.UserProfile" name="toSettingScreen" time="10.358"/>
  <system-out/>
  <testcase classname="userSettingScreen.UserProfile" name="editName" time="19.539"/>
  <system-out/>
  <testcase classname="userSettingScreen.UserProfile" name="editEmail" time="14.867"/>
  <system-out/>
  <testcase classname="userSettingScreen.UserProfile" name="changePin" time="37.495"/>
  <system-out/>
  <testcase classname="userSettingScreen.UserProfile" name="saveUserProfile" time="15.982"/>
  <system-out/>
</testsuite> <!-- userSettingScreen.UserProfile -->
