<?xml version="1.0" encoding="UTF-8"?>
<!-- Generated by org.testng.reporters.JUnitReportReporter -->
<testsuite hostname="Akhilesh" failures="0" tests="2" name="forgotPin.StoryScreen" time="29.459" errors="0" timestamp="2023-07-11T13:40:26 IST" skipped="0">
  <testcase classname="forgotPin.StoryScreen" name="splachScreen" time="25.762"/>
  <system-out/>
  <testcase classname="forgotPin.StoryScreen" name="NewUser_Try" time="3.697"/>
  <system-out/>
</testsuite> <!-- forgotPin.StoryScreen -->
