<?xml version="1.0" encoding="UTF-8"?>
<!-- Generated by org.testng.reporters.JUnitReportReporter -->
<testsuite hostname="Akhilesh" failures="0" tests="1" name="userSettingScreen.AddanotherChild" time="10.397" errors="0" timestamp="2023-07-28T14:53:21 IST" skipped="0">
  <testcase classname="userSettingScreen.AddanotherChild" name="clickonHint" time="10.397"/>
  <system-out/>
</testsuite> <!-- userSettingScreen.AddanotherChild -->
