<?xml version="1.0" encoding="UTF-8"?>
<!-- Generated by org.testng.reporters.JUnitReportReporter -->
<testsuite hostname="Akhilesh" failures="0" tests="1" name="login_Feed.Capabalities" time="29.065" errors="0" timestamp="2023-08-31T12:45:25 IST" skipped="0">
  <testcase classname="login_Feed.Capabalities" name="splachScreen" time="29.065"/>
  <system-out/>
</testsuite> <!-- login_Feed.Capabalities -->
