<?xml version="1.0" encoding="UTF-8"?>
<!-- Generated by org.testng.reporters.JUnitReportReporter -->
<testsuite hostname="Akhilesh" failures="0" tests="31" name="signUpFlow.NametoDisclamer" time="281.652" errors="0" timestamp="2023-08-31T13:15:05 IST" skipped="0">
  <testcase classname="signUpFlow.NametoDisclamer" name="splachScreen" time="32.930"/>
  <system-out/>
  <testcase classname="signUpFlow.NametoDisclamer" name="clickExistingUserLogin" time="4.194"/>
  <system-out/>
  <testcase classname="signUpFlow.NametoDisclamer" name="NewUser_Try" time="2.188"/>
  <system-out/>
  <testcase classname="signUpFlow.NametoDisclamer" name="checkNumberPickPopup" time="2.182"/>
  <system-out/>
  <testcase classname="signUpFlow.NametoDisclamer" name="emptyMobileNumValidation" time="7.219"/>
  <system-out/>
  <testcase classname="signUpFlow.NametoDisclamer" name="clickOnTCandPP" time="12.144"/>
  <system-out/>
  <testcase classname="signUpFlow.NametoDisclamer" name="clickonGoogle" time="5.794"/>
  <system-out/>
  <testcase classname="signUpFlow.NametoDisclamer" name="clickOnCountryCode" time="4.691"/>
  <system-out/>
  <testcase classname="signUpFlow.NametoDisclamer" name="addMobileNumber" time="7.308"/>
  <system-out/>
  <testcase classname="signUpFlow.NametoDisclamer" name="selectMobileNumberfromPopup" time="8.846"/>
  <system-out/>
  <testcase classname="signUpFlow.NametoDisclamer" name="emptyOTPValidation" time="5.574"/>
  <system-out/>
  <testcase classname="signUpFlow.NametoDisclamer" name="clickandEnterOTP" time="47.580"/>
  <system-out/>
  <testcase classname="signUpFlow.NametoDisclamer" name="emptyPinValidation" time="2.739"/>
  <system-out/>
  <testcase classname="signUpFlow.NametoDisclamer" name="pinNotMatchedValidation" time="27.736"/>
  <system-out/>
  <testcase classname="signUpFlow.NametoDisclamer" name="emptyNameValidation" time="3.512"/>
  <system-out/>
  <testcase classname="signUpFlow.NametoDisclamer" name="addvalidConfimpin" time="17.880"/>
  <system-out/>
  <testcase classname="signUpFlow.NametoDisclamer" name="addUserName" time="6.173"/>
  <system-out/>
  <testcase classname="signUpFlow.NametoDisclamer" name="emptyEmailValidation" time="2.762"/>
  <system-out/>
  <testcase classname="signUpFlow.NametoDisclamer" name="addEmailId" time="9.672"/>
  <system-out/>
  <testcase classname="signUpFlow.NametoDisclamer" name="clickonBabyHere" time="2.190"/>
  <system-out/>
  <testcase classname="signUpFlow.NametoDisclamer" name="clickonGender" time="2.624"/>
  <system-out/>
  <testcase classname="signUpFlow.NametoDisclamer" name="emptychildNameValidation" time="3.677"/>
  <system-out/>
  <testcase classname="signUpFlow.NametoDisclamer" name="addchildName" time="7.924"/>
  <system-out/>
  <testcase classname="signUpFlow.NametoDisclamer" name="clickonHint" time="3.509"/>
  <system-out/>
  <testcase classname="signUpFlow.NametoDisclamer" name="selectdateOfBirth" time="7.912"/>
  <system-out/>
  <testcase classname="signUpFlow.NametoDisclamer" name="prematureDOB" time="8.625"/>
  <system-out/>
  <testcase classname="signUpFlow.NametoDisclamer" name="clickOnRelation" time="2.109"/>
  <system-out/>
  <testcase classname="signUpFlow.NametoDisclamer" name="neverMissaMilestone" time="3.011"/>
  <system-out/>
  <testcase classname="signUpFlow.NametoDisclamer" name="planScreen" time="7.006"/>
  <system-out/>
  <testcase classname="signUpFlow.NametoDisclamer" name="notificationReminder" time="13.076"/>
  <system-out/>
  <testcase classname="signUpFlow.NametoDisclamer" name="clickonDisclaimer" time="8.865"/>
  <system-out/>
</testsuite> <!-- signUpFlow.NametoDisclamer -->
