<?xml version="1.0" encoding="UTF-8"?>
<!-- Generated by org.testng.reporters.JUnitReportReporter -->
<testsuite hostname="Akhilesh" failures="0" tests="26" name="signUpExpectedChild.NametoDisclamer" time="362.424" errors="0" timestamp="2023-08-31T13:25:21 IST" skipped="0">
  <testcase classname="signUpExpectedChild.NametoDisclamer" name="splachScreen" time="32.976"/>
  <system-out/>
  <testcase classname="signUpExpectedChild.NametoDisclamer" name="NewUser_Try" time="2.657"/>
  <system-out/>
  <testcase classname="signUpExpectedChild.NametoDisclamer" name="checkNumberPickPopup" time="2.160"/>
  <system-out/>
  <testcase classname="signUpExpectedChild.NametoDisclamer" name="emptyMobileNumValidation" time="7.246"/>
  <system-out/>
  <testcase classname="signUpExpectedChild.NametoDisclamer" name="clickOnTCandPP" time="12.107"/>
  <system-out/>
  <testcase classname="signUpExpectedChild.NametoDisclamer" name="clickonGoogle" time="5.791"/>
  <system-out/>
  <testcase classname="signUpExpectedChild.NametoDisclamer" name="clickOnCountryCode" time="4.676"/>
  <system-out/>
  <testcase classname="signUpExpectedChild.NametoDisclamer" name="addMobileNumber" time="7.349"/>
  <system-out/>
  <testcase classname="signUpExpectedChild.NametoDisclamer" name="selectMobileNumberfromPopup" time="10.633"/>
  <system-out/>
  <testcase classname="signUpExpectedChild.NametoDisclamer" name="emptyOTPValidation" time="5.959"/>
  <system-out/>
  <testcase classname="signUpExpectedChild.NametoDisclamer" name="invalidOTP" time="101.425"/>
  <system-out/>
  <testcase classname="signUpExpectedChild.NametoDisclamer" name="clickandEnterOTP" time="36.598"/>
  <system-out/>
  <testcase classname="signUpExpectedChild.NametoDisclamer" name="emptyPinValidation" time="3.737"/>
  <system-out/>
  <testcase classname="signUpExpectedChild.NametoDisclamer" name="pinNotMatchedValidation" time="26.131"/>
  <system-out/>
  <testcase classname="signUpExpectedChild.NametoDisclamer" name="addvalidConfimpin" time="18.210"/>
  <system-out/>
  <testcase classname="signUpExpectedChild.NametoDisclamer" name="emptyNameValidation" time="3.657"/>
  <system-out/>
  <testcase classname="signUpExpectedChild.NametoDisclamer" name="addUserName" time="6.327"/>
  <system-out/>
  <testcase classname="signUpExpectedChild.NametoDisclamer" name="emptyEmailValidation" time="2.792"/>
  <system-out/>
  <testcase classname="signUpExpectedChild.NametoDisclamer" name="addEmailId" time="10.243"/>
  <system-out/>
  <testcase classname="signUpExpectedChild.NametoDisclamer" name="clickonBabyontheWay" time="3.803"/>
  <system-out/>
  <testcase classname="signUpExpectedChild.NametoDisclamer" name="selectdateOfBirth" time="16.821"/>
  <system-out/>
  <testcase classname="signUpExpectedChild.NametoDisclamer" name="clickOnRelation" time="3.308"/>
  <system-out/>
  <testcase classname="signUpExpectedChild.NametoDisclamer" name="neverMissaMilestone" time="4.648"/>
  <system-out/>
  <testcase classname="signUpExpectedChild.NametoDisclamer" name="planScreen" time="8.209"/>
  <system-out/>
  <testcase classname="signUpExpectedChild.NametoDisclamer" name="notificationReminder" time="13.483"/>
  <system-out/>
  <testcase classname="signUpExpectedChild.NametoDisclamer" name="clickonDisclaimer" time="11.478"/>
  <system-out/>
</testsuite> <!-- signUpExpectedChild.NametoDisclamer -->
