<?xml version="1.0" encoding="UTF-8"?>
<!-- Generated by org.testng.reporters.JUnitReportReporter -->
<testsuite hostname="Akhilesh" failures="0" tests="6" name="login_Feed.LoginScreen" time="90.311" errors="0" timestamp="2023-08-31T12:55:46 IST" skipped="0">
  <testcase classname="login_Feed.LoginScreen" name="splachScreen" time="23.087"/>
  <system-out/>
  <testcase classname="login_Feed.LoginScreen" name="clickExistingUserLogin" time="0.660"/>
  <system-out/>
  <testcase classname="login_Feed.LoginScreen" name="clickOnMobileNumber" time="6.472"/>
  <system-out/>
  <testcase classname="login_Feed.LoginScreen" name="pinemptyValidation" time="3.626"/>
  <system-out/>
  <testcase classname="login_Feed.LoginScreen" name="pinnotMatchValidation" time="40.641"/>
  <system-out/>
  <testcase classname="login_Feed.LoginScreen" name="validLoginPin" time="15.825"/>
  <system-out/>
</testsuite> <!-- login_Feed.LoginScreen -->
