<?xml version="1.0" encoding="UTF-8"?>
<!-- Generated by org.testng.reporters.JUnitReportReporter -->
<testsuite hostname="Akhilesh" failures="0" tests="2" name="forgotPin.ForgotPin" time="29.050" errors="0" timestamp="2023-07-11T13:59:19 IST" skipped="0">
  <testcase classname="forgotPin.ForgotPin" name="splachScreen" time="20.912"/>
  <system-out/>
  <testcase classname="forgotPin.ForgotPin" name="clickandEnterOTP" time="8.138"/>
  <system-out/>
</testsuite> <!-- forgotPin.ForgotPin -->
