<?xml version="1.0" encoding="UTF-8"?>
<!-- Generated by org.testng.reporters.JUnitReportReporter -->
<testsuite hostname="Akhilesh" failures="0" tests="5" name="userSettingScreen.UserProfile" time="96.977" errors="0" timestamp="2023-09-04T15:36:32 IST" skipped="0">
  <testcase classname="userSettingScreen.UserProfile" name="toSettingScreen" time="10.326"/>
  <system-out/>
  <testcase classname="userSettingScreen.UserProfile" name="editName" time="18.809"/>
  <system-out/>
  <testcase classname="userSettingScreen.UserProfile" name="editEmail" time="14.192"/>
  <system-out/>
  <testcase classname="userSettingScreen.UserProfile" name="changePin" time="39.710"/>
  <system-out/>
  <testcase classname="userSettingScreen.UserProfile" name="saveUserProfile" time="13.940"/>
  <system-out/>
</testsuite> <!-- userSettingScreen.UserProfile -->
