<?xml version="1.0" encoding="UTF-8"?>
<!-- Generated by org.testng.reporters.JUnitReportReporter -->
<testsuite hostname="Akhilesh" failures="0" tests="12" name="userSettingScreen.EditchildDetails" time="124.286" errors="0" timestamp="2023-07-27T14:51:58 IST" skipped="0">
  <testcase classname="userSettingScreen.EditchildDetails" name="splachScreen" time="19.136"/>
  <system-out/>
  <testcase classname="userSettingScreen.EditchildDetails" name="clickOnDeatilsbutton" time="6.743"/>
  <system-out/>
  <testcase classname="userSettingScreen.EditchildDetails" name="clickOnExpectingbaby" time="14.152"/>
  <system-out/>
  <testcase classname="userSettingScreen.EditchildDetails" name="selectGender" time="3.916"/>
  <system-out/>
  <testcase classname="userSettingScreen.EditchildDetails" name="selectRelation" time="7.093"/>
  <system-out/>
  <testcase classname="userSettingScreen.EditchildDetails" name="editChildName" time="7.451"/>
  <system-out/>
  <testcase classname="userSettingScreen.EditchildDetails" name="clickOnHint" time="10.958"/>
  <system-out/>
  <testcase classname="userSettingScreen.EditchildDetails" name="clickOnCalender" time="16.941"/>
  <system-out/>
  <testcase classname="userSettingScreen.EditchildDetails" name="clickOnPrematureToggle" time="13.840"/>
  <system-out/>
  <testcase classname="userSettingScreen.EditchildDetails" name="clickOnWeight" time="10.361"/>
  <system-out/>
  <testcase classname="userSettingScreen.EditchildDetails" name="clickOnFeedingManner" time="3.454"/>
  <system-out/>
  <testcase classname="userSettingScreen.EditchildDetails" name="clickOnSaveChanges" time="10.241"/>
  <system-out/>
</testsuite> <!-- userSettingScreen.EditchildDetails -->
